<?xml version="1.0" encoding="UTF-8"?>
<testsuite name="ohtu.verkkokauppa.KauppaTest" tests="8" skipped="0" failures="0" errors="0" timestamp="2020-11-21T17:59:43" hostname="lx9-fuxi048" time="0.759">
  <properties/>
  <testcase name="pankinMetodiaTilisiirtoKutsutaanOikeinKunOstetaanKaksiSamaaTuotetta" classname="ohtu.verkkokauppa.KauppaTest" time="0.718"/>
  <testcase name="pankinMetodiaTilisiirtoKutsutaanOikeinKunOstetaanKaksiTuotetta" classname="ohtu.verkkokauppa.KauppaTest" time="0.005"/>
  <testcase name="pankinMetodiaTilisiirtoKutsutaanOikeinKunOstetaanTuoteJotaOnJaTuoteJokaOnLoppu" classname="ohtu.verkkokauppa.KauppaTest" time="0.005"/>
  <testcase name="ostoksenPaaytyttyaPankinMetodiaTilisiirtoKutsutaan" classname="ohtu.verkkokauppa.KauppaTest" time="0.007"/>
  <testcase name="ostoksenPaatyttyaPankinMetodiaTilisiirtoKutsutaanOikein" classname="ohtu.verkkokauppa.KauppaTest" time="0.005"/>
  <testcase name="aloitaAsiointiNollaaEdellisetOstokset" classname="ohtu.verkkokauppa.KauppaTest" time="0.005"/>
  <testcase name="kauppaPyytaaUudenViitenumeronJokaiselleMaksulle" classname="ohtu.verkkokauppa.KauppaTest" time="0.006"/>
  <testcase name="poistaKoristaPoistaaTuotteenKorista" classname="ohtu.verkkokauppa.KauppaTest" time="0.005"/>
  <system-out><![CDATA[]]></system-out>
  <system-err><![CDATA[]]></system-err>
</testsuite>
